This file contains any messages produced by compilers while
running configure, to aid debugging if configure makes a mistake.

It was created by diba configure 1.0.0, which was
generated by GNU Autoconf 2.69.  Invocation command line was

  $ ./configure 

## --------- ##
## Platform. ##
## --------- ##

hostname = ubunew
uname -m = x86_64
uname -r = 5.13.0-37-generic
uname -s = Linux
uname -v = #42-Ubuntu SMP Tue Mar 15 14:34:06 UTC 2022

/usr/bin/uname -p = x86_64
/bin/uname -X     = unknown

/bin/arch              = x86_64
/usr/bin/arch -k       = unknown
/usr/convex/getsysinfo = unknown
/usr/bin/hostinfo      = unknown
/bin/machine           = unknown
/usr/bin/oslevel       = unknown
/bin/universe          = unknown

PATH: /home/peterglen/Downloads/gcc-arm-none-eabi-10.3-2021.10/bin/
PATH: /home/peterglen/Downloads/gcc-arm-none-eabi-10.3-2021.10/gcc-arm-none-eabi-10.3-2021.10/bin
PATH: /home/peterglen/android-studio/bin
PATH: /home/peterglen/eclipse/cpp-2020-12/eclipse/
PATH: /home/peterglen/bin
PATH: /home/peterglen/.cargo/bin
PATH: /home/peterglen/.local/bin
PATH: /home/peterglen/bin
PATH: /usr/local/sbin
PATH: /usr/local/bin
PATH: /usr/sbin
PATH: /usr/bin
PATH: /sbin
PATH: /bin
PATH: /usr/games
PATH: /usr/local/games
PATH: /snap/bin
PATH: /home/peterglen/cloud/flutter/bin


## ----------- ##
## Core tests. ##
## ----------- ##

configure:2310: checking for a BSD-compatible install
configure:2378: result: /usr/bin/install -c
configure:2389: checking whether build environment is sane
configure:2444: result: yes
configure:2590: checking for a thread-safe mkdir -p
configure:2629: result: /usr/bin/mkdir -p
configure:2636: checking for gawk
configure:2652: found /usr/bin/gawk
configure:2663: result: gawk
configure:2674: checking whether make sets $(MAKE)
configure:2696: result: yes
configure:2725: checking whether make supports nested variables
configure:2742: result: yes
configure:3150: checking that generated files are newer than configure
configure:3156: result: done
configure:3165: creating ./config.status

## ---------------------- ##
## Running config.status. ##
## ---------------------- ##

This file was extended by diba config.status 1.0.0, which was
generated by GNU Autoconf 2.69.  Invocation command line was

  CONFIG_FILES    = 
  CONFIG_HEADERS  = 
  CONFIG_LINKS    = 
  CONFIG_COMMANDS = 
  $ ./config.status 

on ubunew

config.status:771: creating Makefile
config.status:771: creating transport/Makefile
config.status:771: creating keygen/Makefile
config.status:771: creating tools/Makefile
configure:4197: checking for gawk
configure:4224: result: gawk
configure:4283: checking for gcc
configure:4299: found /usr/bin/gcc
configure:4310: result: gcc
configure:4539: checking for C compiler version
configure:4548: gcc --version >&5
gcc (Ubuntu 11.2.0-7ubuntu2) 11.2.0
Copyright (C) 2021 Free Software Foundation, Inc.
This is free software; see the source for copying conditions.  There is NO
warranty; not even for MERCHANTABILITY or FITNESS FOR A PARTICULAR PURPOSE.

configure:4559: $? = 0
configure:4548: gcc -v >&5
Using built-in specs.
COLLECT_GCC=gcc
COLLECT_LTO_WRAPPER=/usr/lib/gcc/x86_64-linux-gnu/11/lto-wrapper
OFFLOAD_TARGET_NAMES=nvptx-none:amdgcn-amdhsa
OFFLOAD_TARGET_DEFAULT=1
Target: x86_64-linux-gnu
Configured with: ../src/configure -v --with-pkgversion='Ubuntu 11.2.0-7ubuntu2' --with-bugurl=file:///usr/share/doc/gcc-11/README.Bugs --enable-languages=c,ada,c++,go,brig,d,fortran,objc,obj-c++,m2 --prefix=/usr --with-gcc-major-version-only --program-suffix=-11 --program-prefix=x86_64-linux-gnu- --enable-shared --enable-linker-build-id --libexecdir=/usr/lib --without-included-gettext --enable-threads=posix --libdir=/usr/lib --enable-nls --enable-bootstrap --enable-clocale=gnu --enable-libstdcxx-debug --enable-libstdcxx-time=yes --with-default-libstdcxx-abi=new --enable-gnu-unique-object --disable-vtable-verify --enable-plugin --enable-default-pie --with-system-zlib --enable-libphobos-checking=release --with-target-system-zlib=auto --enable-objc-gc=auto --enable-multiarch --disable-werror --enable-cet --with-arch-32=i686 --with-abi=m64 --with-multilib-list=m32,m64,mx32 --enable-multilib --with-tune=generic --enable-offload-targets=nvptx-none=/build/gcc-11-ZPT0kp/gcc-11-11.2.0/debian/tmp-nvptx/usr,amdgcn-amdhsa=/build/gcc-11-ZPT0kp/gcc-11-11.2.0/debian/tmp-gcn/usr --without-cuda-driver --enable-checking=release --build=x86_64-linux-gnu --host=x86_64-linux-gnu --target=x86_64-linux-gnu --with-build-config=bootstrap-lto-lean --enable-link-serialization=2
Thread model: posix
Supported LTO compression algorithms: zlib zstd
gcc version 11.2.0 (Ubuntu 11.2.0-7ubuntu2) 
... rest of stderr output deleted ...
configure:4559: $? = 0
configure:4548: gcc -V >&5
gcc: error: unrecognized command-line option '-V'
gcc: fatal error: no input files
compilation terminated.
configure:4559: $? = 1
configure:4548: gcc -qversion >&5
gcc: error: unrecognized command-line option '-qversion'; did you mean '--version'?
gcc: fatal error: no input files
compilation terminated.
configure:4559: $? = 1
configure:4579: checking whether the C compiler works
configure:4601: gcc    conftest.c  >&5
configure:4605: $? = 0
configure:4653: result: yes
configure:4656: checking for C compiler default output file name
configure:4658: result: a.out
configure:4664: checking for suffix of executables
configure:4671: gcc -o conftest    conftest.c  >&5
configure:4675: $? = 0
configure:4697: result: 
configure:4719: checking whether we are cross compiling
configure:4727: gcc -o conftest    conftest.c  >&5
configure:4731: $? = 0
configure:4738: ./conftest
configure:4742: $? = 0
configure:4757: result: no
configure:4762: checking for suffix of object files
configure:4784: gcc -c   conftest.c >&5
configure:4788: $? = 0
configure:4809: result: o
configure:4813: checking whether we are using the GNU C compiler
configure:4832: gcc -c   conftest.c >&5
configure:4832: $? = 0
configure:4841: result: yes
configure:4850: checking whether gcc accepts -g
configure:4870: gcc -c -g  conftest.c >&5
configure:4870: $? = 0
configure:4911: result: yes
configure:4928: checking for gcc option to accept ISO C89
configure:4991: gcc  -c -g -O2  conftest.c >&5
configure:4991: $? = 0
configure:5004: result: none needed
configure:5029: checking whether gcc understands -c and -o together
configure:5051: gcc -c conftest.c -o conftest2.o
configure:5054: $? = 0
configure:5051: gcc -c conftest.c -o conftest2.o
configure:5054: $? = 0
configure:5066: result: yes
configure:5086: checking whether make supports the include directive
configure:5101: make -f confmf.GNU && cat confinc.out
this is the am__doit target
configure:5104: $? = 0
configure:5123: result: yes (GNU style)
configure:5148: checking dependency style of gcc
configure:5259: result: gcc3
configure:5276: checking dependency style of gcc
configure:5387: result: gcc3
configure:5402: checking whether make sets $(MAKE)
configure:5424: result: yes
configure:5437: checking for compress in -lz
configure:5462: gcc -o conftest -g -O2   conftest.c -lz   >&5
configure:5462: $? = 0
configure:5471: result: yes
configure:5488: checking for gcry_control in -lgcrypt
configure:5513: gcc -o conftest -g -O2   conftest.c -lgcrypt  -lz  >&5
configure:5513: $? = 0
configure:5522: result: yes
configure:5545: checking how to run the C preprocessor
configure:5576: gcc -E  conftest.c
configure:5576: $? = 0
configure:5590: gcc -E  conftest.c
conftest.c:15:10: fatal error: ac_nonexistent.h: No such file or directory
   15 | #include <ac_nonexistent.h>
      |          ^~~~~~~~~~~~~~~~~~
compilation terminated.
configure:5590: $? = 1
configure: failed program was:
| /* confdefs.h */
| #define PACKAGE_NAME "diba"
| #define PACKAGE_TARNAME "diba"
| #define PACKAGE_VERSION "1.0.0"
| #define PACKAGE_STRING "diba 1.0.0"
| #define PACKAGE_BUGREPORT "no-reports-yet"
| #define PACKAGE_URL ""
| #define PACKAGE "diba"
| #define VERSION "1.0.0"
| #define PACKAGE "diba"
| #define VERSION "1.0.0"
| #define HAVE_LIBZ 1
| #define HAVE_LIBGCRYPT 1
| /* end confdefs.h.  */
| #include <ac_nonexistent.h>
configure:5615: result: gcc -E
configure:5635: gcc -E  conftest.c
configure:5635: $? = 0
configure:5649: gcc -E  conftest.c
conftest.c:15:10: fatal error: ac_nonexistent.h: No such file or directory
   15 | #include <ac_nonexistent.h>
      |          ^~~~~~~~~~~~~~~~~~
compilation terminated.
configure:5649: $? = 1
configure: failed program was:
| /* confdefs.h */
| #define PACKAGE_NAME "diba"
| #define PACKAGE_TARNAME "diba"
| #define PACKAGE_VERSION "1.0.0"
| #define PACKAGE_STRING "diba 1.0.0"
| #define PACKAGE_BUGREPORT "no-reports-yet"
| #define PACKAGE_URL ""
| #define PACKAGE "diba"
| #define VERSION "1.0.0"
| #define PACKAGE "diba"
| #define VERSION "1.0.0"
| #define HAVE_LIBZ 1
| #define HAVE_LIBGCRYPT 1
| /* end confdefs.h.  */
| #include <ac_nonexistent.h>
configure:5678: checking for grep that handles long lines and -e
configure:5736: result: /usr/bin/grep
configure:5741: checking for egrep
configure:5803: result: /usr/bin/grep -E
configure:5808: checking for ANSI C header files
configure:5828: gcc -c -g -O2  conftest.c >&5
configure:5828: $? = 0
configure:5901: gcc -o conftest -g -O2   conftest.c -lgcrypt -lz  >&5
configure:5901: $? = 0
configure:5901: ./conftest
configure:5901: $? = 0
configure:5912: result: yes
configure:5925: checking for sys/types.h
configure:5925: gcc -c -g -O2  conftest.c >&5
configure:5925: $? = 0
configure:5925: result: yes
configure:5925: checking for sys/stat.h
configure:5925: gcc -c -g -O2  conftest.c >&5
configure:5925: $? = 0
configure:5925: result: yes
configure:5925: checking for stdlib.h
configure:5925: gcc -c -g -O2  conftest.c >&5
configure:5925: $? = 0
configure:5925: result: yes
configure:5925: checking for string.h
configure:5925: gcc -c -g -O2  conftest.c >&5
configure:5925: $? = 0
configure:5925: result: yes
configure:5925: checking for memory.h
configure:5925: gcc -c -g -O2  conftest.c >&5
configure:5925: $? = 0
configure:5925: result: yes
configure:5925: checking for strings.h
configure:5925: gcc -c -g -O2  conftest.c >&5
configure:5925: $? = 0
configure:5925: result: yes
configure:5925: checking for inttypes.h
configure:5925: gcc -c -g -O2  conftest.c >&5
configure:5925: $? = 0
configure:5925: result: yes
configure:5925: checking for stdint.h
configure:5925: gcc -c -g -O2  conftest.c >&5
configure:5925: $? = 0
configure:5925: result: yes
configure:5925: checking for unistd.h
configure:5925: gcc -c -g -O2  conftest.c >&5
configure:5925: $? = 0
configure:5925: result: yes
configure:5939: checking gcrypt.h usability
configure:5939: gcc -c -g -O2  conftest.c >&5
configure:5939: $? = 0
configure:5939: result: yes
configure:5939: checking gcrypt.h presence
configure:5939: gcc -E  conftest.c
configure:5939: $? = 0
configure:5939: result: yes
configure:5939: checking for gcrypt.h
configure:5939: result: yes
configure:5956: checking zlib.h usability
configure:5956: gcc -c -g -O2  conftest.c >&5
configure:5956: $? = 0
configure:5956: result: yes
configure:5956: checking zlib.h presence
configure:5956: gcc -E  conftest.c
configure:5956: $? = 0
configure:5956: result: yes
configure:5956: checking for zlib.h
configure:5956: result: yes
configure:5975: checking arpa/inet.h usability
configure:5975: gcc -c -g -O2  conftest.c >&5
configure:5975: $? = 0
configure:5975: result: yes
configure:5975: checking arpa/inet.h presence
configure:5975: gcc -E  conftest.c
configure:5975: $? = 0
configure:5975: result: yes
configure:5975: checking for arpa/inet.h
configure:5975: result: yes
configure:5975: checking fcntl.h usability
configure:5975: gcc -c -g -O2  conftest.c >&5
configure:5975: $? = 0
configure:5975: result: yes
configure:5975: checking fcntl.h presence
configure:5975: gcc -E  conftest.c
configure:5975: $? = 0
configure:5975: result: yes
configure:5975: checking for fcntl.h
configure:5975: result: yes
configure:5975: checking limits.h usability
configure:5975: gcc -c -g -O2  conftest.c >&5
configure:5975: $? = 0
configure:5975: result: yes
configure:5975: checking limits.h presence
configure:5975: gcc -E  conftest.c
configure:5975: $? = 0
configure:5975: result: yes
configure:5975: checking for limits.h
configure:5975: result: yes
configure:5975: checking locale.h usability
configure:5975: gcc -c -g -O2  conftest.c >&5
configure:5975: $? = 0
configure:5975: result: yes
configure:5975: checking locale.h presence
configure:5975: gcc -E  conftest.c
configure:5975: $? = 0
configure:5975: result: yes
configure:5975: checking for locale.h
configure:5975: result: yes
configure:5975: checking netdb.h usability
configure:5975: gcc -c -g -O2  conftest.c >&5
configure:5975: $? = 0
configure:5975: result: yes
configure:5975: checking netdb.h presence
configure:5975: gcc -E  conftest.c
configure:5975: $? = 0
configure:5975: result: yes
configure:5975: checking for netdb.h
configure:5975: result: yes
configure:5975: checking netinet/in.h usability
configure:5975: gcc -c -g -O2  conftest.c >&5
configure:5975: $? = 0
configure:5975: result: yes
configure:5975: checking netinet/in.h presence
configure:5975: gcc -E  conftest.c
configure:5975: $? = 0
configure:5975: result: yes
configure:5975: checking for netinet/in.h
configure:5975: result: yes
configure:5975: checking stddef.h usability
configure:5975: gcc -c -g -O2  conftest.c >&5
configure:5975: $? = 0
configure:5975: result: yes
configure:5975: checking stddef.h presence
configure:5975: gcc -E  conftest.c
configure:5975: $? = 0
configure:5975: result: yes
configure:5975: checking for stddef.h
configure:5975: result: yes
configure:5975: checking for stdint.h
configure:5975: result: yes
configure:5975: checking for stdlib.h
configure:5975: result: yes
configure:5975: checking for string.h
configure:5975: result: yes
configure:5975: checking sys/socket.h usability
configure:5975: gcc -c -g -O2  conftest.c >&5
configure:5975: $? = 0
configure:5975: result: yes
configure:5975: checking sys/socket.h presence
configure:5975: gcc -E  conftest.c
configure:5975: $? = 0
configure:5975: result: yes
configure:5975: checking for sys/socket.h
configure:5975: result: yes
configure:5975: checking termios.h usability
configure:5975: gcc -c -g -O2  conftest.c >&5
configure:5975: $? = 0
configure:5975: result: yes
configure:5975: checking termios.h presence
configure:5975: gcc -E  conftest.c
configure:5975: $? = 0
configure:5975: result: yes
configure:5975: checking for termios.h
configure:5975: result: yes
configure:5975: checking for unistd.h
configure:5975: result: yes
configure:5987: checking for pid_t
configure:5987: gcc -c -g -O2  conftest.c >&5
configure:5987: $? = 0
configure:5987: gcc -c -g -O2  conftest.c >&5
conftest.c: In function 'main':
conftest.c:76:20: error: expected expression before ')' token
   76 | if (sizeof ((pid_t)))
      |                    ^
configure:5987: $? = 1
configure: failed program was:
| /* confdefs.h */
| #define PACKAGE_NAME "diba"
| #define PACKAGE_TARNAME "diba"
| #define PACKAGE_VERSION "1.0.0"
| #define PACKAGE_STRING "diba 1.0.0"
| #define PACKAGE_BUGREPORT "no-reports-yet"
| #define PACKAGE_URL ""
| #define PACKAGE "diba"
| #define VERSION "1.0.0"
| #define PACKAGE "diba"
| #define VERSION "1.0.0"
| #define HAVE_LIBZ 1
| #define HAVE_LIBGCRYPT 1
| #define STDC_HEADERS 1
| #define HAVE_SYS_TYPES_H 1
| #define HAVE_SYS_STAT_H 1
| #define HAVE_STDLIB_H 1
| #define HAVE_STRING_H 1
| #define HAVE_MEMORY_H 1
| #define HAVE_STRINGS_H 1
| #define HAVE_INTTYPES_H 1
| #define HAVE_STDINT_H 1
| #define HAVE_UNISTD_H 1
| #define HAVE_GCRYPT_H 1
| #define HAVE_ZLIB_H 1
| #define HAVE_ARPA_INET_H 1
| #define HAVE_FCNTL_H 1
| #define HAVE_LIMITS_H 1
| #define HAVE_LOCALE_H 1
| #define HAVE_NETDB_H 1
| #define HAVE_NETINET_IN_H 1
| #define HAVE_STDDEF_H 1
| #define HAVE_STDINT_H 1
| #define HAVE_STDLIB_H 1
| #define HAVE_STRING_H 1
| #define HAVE_SYS_SOCKET_H 1
| #define HAVE_TERMIOS_H 1
| #define HAVE_UNISTD_H 1
| /* end confdefs.h.  */
| #include <stdio.h>
| #ifdef HAVE_SYS_TYPES_H
| # include <sys/types.h>
| #endif
| #ifdef HAVE_SYS_STAT_H
| # include <sys/stat.h>
| #endif
| #ifdef STDC_HEADERS
| # include <stdlib.h>
| # include <stddef.h>
| #else
| # ifdef HAVE_STDLIB_H
| #  include <stdlib.h>
| # endif
| #endif
| #ifdef HAVE_STRING_H
| # if !defined STDC_HEADERS && defined HAVE_MEMORY_H
| #  include <memory.h>
| # endif
| # include <string.h>
| #endif
| #ifdef HAVE_STRINGS_H
| # include <strings.h>
| #endif
| #ifdef HAVE_INTTYPES_H
| # include <inttypes.h>
| #endif
| #ifdef HAVE_STDINT_H
| # include <stdint.h>
| #endif
| #ifdef HAVE_UNISTD_H
| # include <unistd.h>
| #endif
| int
| main ()
| {
| if (sizeof ((pid_t)))
| 	    return 0;
|   ;
|   return 0;
| }
configure:5987: result: yes
configure:5998: checking for size_t
configure:5998: gcc -c -g -O2  conftest.c >&5
configure:5998: $? = 0
configure:5998: gcc -c -g -O2  conftest.c >&5
conftest.c: In function 'main':
conftest.c:76:21: error: expected expression before ')' token
   76 | if (sizeof ((size_t)))
      |                     ^
configure:5998: $? = 1
configure: failed program was:
| /* confdefs.h */
| #define PACKAGE_NAME "diba"
| #define PACKAGE_TARNAME "diba"
| #define PACKAGE_VERSION "1.0.0"
| #define PACKAGE_STRING "diba 1.0.0"
| #define PACKAGE_BUGREPORT "no-reports-yet"
| #define PACKAGE_URL ""
| #define PACKAGE "diba"
| #define VERSION "1.0.0"
| #define PACKAGE "diba"
| #define VERSION "1.0.0"
| #define HAVE_LIBZ 1
| #define HAVE_LIBGCRYPT 1
| #define STDC_HEADERS 1
| #define HAVE_SYS_TYPES_H 1
| #define HAVE_SYS_STAT_H 1
| #define HAVE_STDLIB_H 1
| #define HAVE_STRING_H 1
| #define HAVE_MEMORY_H 1
| #define HAVE_STRINGS_H 1
| #define HAVE_INTTYPES_H 1
| #define HAVE_STDINT_H 1
| #define HAVE_UNISTD_H 1
| #define HAVE_GCRYPT_H 1
| #define HAVE_ZLIB_H 1
| #define HAVE_ARPA_INET_H 1
| #define HAVE_FCNTL_H 1
| #define HAVE_LIMITS_H 1
| #define HAVE_LOCALE_H 1
| #define HAVE_NETDB_H 1
| #define HAVE_NETINET_IN_H 1
| #define HAVE_STDDEF_H 1
| #define HAVE_STDINT_H 1
| #define HAVE_STDLIB_H 1
| #define HAVE_STRING_H 1
| #define HAVE_SYS_SOCKET_H 1
| #define HAVE_TERMIOS_H 1
| #define HAVE_UNISTD_H 1
| /* end confdefs.h.  */
| #include <stdio.h>
| #ifdef HAVE_SYS_TYPES_H
| # include <sys/types.h>
| #endif
| #ifdef HAVE_SYS_STAT_H
| # include <sys/stat.h>
| #endif
| #ifdef STDC_HEADERS
| # include <stdlib.h>
| # include <stddef.h>
| #else
| # ifdef HAVE_STDLIB_H
| #  include <stdlib.h>
| # endif
| #endif
| #ifdef HAVE_STRING_H
| # if !defined STDC_HEADERS && defined HAVE_MEMORY_H
| #  include <memory.h>
| # endif
| # include <string.h>
| #endif
| #ifdef HAVE_STRINGS_H
| # include <strings.h>
| #endif
| #ifdef HAVE_INTTYPES_H
| # include <inttypes.h>
| #endif
| #ifdef HAVE_STDINT_H
| # include <stdint.h>
| #endif
| #ifdef HAVE_UNISTD_H
| # include <unistd.h>
| #endif
| int
| main ()
| {
| if (sizeof ((size_t)))
| 	    return 0;
|   ;
|   return 0;
| }
configure:5998: result: yes
configure:6009: checking for uint32_t
configure:6009: gcc -c -g -O2  conftest.c >&5
configure:6009: $? = 0
configure:6009: result: yes
configure:6027: checking vfork.h usability
configure:6027: gcc -c -g -O2  conftest.c >&5
conftest.c:73:10: fatal error: vfork.h: No such file or directory
   73 | #include <vfork.h>
      |          ^~~~~~~~~
compilation terminated.
configure:6027: $? = 1
configure: failed program was:
| /* confdefs.h */
| #define PACKAGE_NAME "diba"
| #define PACKAGE_TARNAME "diba"
| #define PACKAGE_VERSION "1.0.0"
| #define PACKAGE_STRING "diba 1.0.0"
| #define PACKAGE_BUGREPORT "no-reports-yet"
| #define PACKAGE_URL ""
| #define PACKAGE "diba"
| #define VERSION "1.0.0"
| #define PACKAGE "diba"
| #define VERSION "1.0.0"
| #define HAVE_LIBZ 1
| #define HAVE_LIBGCRYPT 1
| #define STDC_HEADERS 1
| #define HAVE_SYS_TYPES_H 1
| #define HAVE_SYS_STAT_H 1
| #define HAVE_STDLIB_H 1
| #define HAVE_STRING_H 1
| #define HAVE_MEMORY_H 1
| #define HAVE_STRINGS_H 1
| #define HAVE_INTTYPES_H 1
| #define HAVE_STDINT_H 1
| #define HAVE_UNISTD_H 1
| #define HAVE_GCRYPT_H 1
| #define HAVE_ZLIB_H 1
| #define HAVE_ARPA_INET_H 1
| #define HAVE_FCNTL_H 1
| #define HAVE_LIMITS_H 1
| #define HAVE_LOCALE_H 1
| #define HAVE_NETDB_H 1
| #define HAVE_NETINET_IN_H 1
| #define HAVE_STDDEF_H 1
| #define HAVE_STDINT_H 1
| #define HAVE_STDLIB_H 1
| #define HAVE_STRING_H 1
| #define HAVE_SYS_SOCKET_H 1
| #define HAVE_TERMIOS_H 1
| #define HAVE_UNISTD_H 1
| /* end confdefs.h.  */
| #include <stdio.h>
| #ifdef HAVE_SYS_TYPES_H
| # include <sys/types.h>
| #endif
| #ifdef HAVE_SYS_STAT_H
| # include <sys/stat.h>
| #endif
| #ifdef STDC_HEADERS
| # include <stdlib.h>
| # include <stddef.h>
| #else
| # ifdef HAVE_STDLIB_H
| #  include <stdlib.h>
| # endif
| #endif
| #ifdef HAVE_STRING_H
| # if !defined STDC_HEADERS && defined HAVE_MEMORY_H
| #  include <memory.h>
| # endif
| # include <string.h>
| #endif
| #ifdef HAVE_STRINGS_H
| # include <strings.h>
| #endif
| #ifdef HAVE_INTTYPES_H
| # include <inttypes.h>
| #endif
| #ifdef HAVE_STDINT_H
| # include <stdint.h>
| #endif
| #ifdef HAVE_UNISTD_H
| # include <unistd.h>
| #endif
| #include <vfork.h>
configure:6027: result: no
configure:6027: checking vfork.h presence
configure:6027: gcc -E  conftest.c
conftest.c:40:10: fatal error: vfork.h: No such file or directory
   40 | #include <vfork.h>
      |          ^~~~~~~~~
compilation terminated.
configure:6027: $? = 1
configure: failed program was:
| /* confdefs.h */
| #define PACKAGE_NAME "diba"
| #define PACKAGE_TARNAME "diba"
| #define PACKAGE_VERSION "1.0.0"
| #define PACKAGE_STRING "diba 1.0.0"
| #define PACKAGE_BUGREPORT "no-reports-yet"
| #define PACKAGE_URL ""
| #define PACKAGE "diba"
| #define VERSION "1.0.0"
| #define PACKAGE "diba"
| #define VERSION "1.0.0"
| #define HAVE_LIBZ 1
| #define HAVE_LIBGCRYPT 1
| #define STDC_HEADERS 1
| #define HAVE_SYS_TYPES_H 1
| #define HAVE_SYS_STAT_H 1
| #define HAVE_STDLIB_H 1
| #define HAVE_STRING_H 1
| #define HAVE_MEMORY_H 1
| #define HAVE_STRINGS_H 1
| #define HAVE_INTTYPES_H 1
| #define HAVE_STDINT_H 1
| #define HAVE_UNISTD_H 1
| #define HAVE_GCRYPT_H 1
| #define HAVE_ZLIB_H 1
| #define HAVE_ARPA_INET_H 1
| #define HAVE_FCNTL_H 1
| #define HAVE_LIMITS_H 1
| #define HAVE_LOCALE_H 1
| #define HAVE_NETDB_H 1
| #define HAVE_NETINET_IN_H 1
| #define HAVE_STDDEF_H 1
| #define HAVE_STDINT_H 1
| #define HAVE_STDLIB_H 1
| #define HAVE_STRING_H 1
| #define HAVE_SYS_SOCKET_H 1
| #define HAVE_TERMIOS_H 1
| #define HAVE_UNISTD_H 1
| /* end confdefs.h.  */
| #include <vfork.h>
configure:6027: result: no
configure:6027: checking for vfork.h
configure:6027: result: no
configure:6040: checking for fork
configure:6040: gcc -o conftest -g -O2   conftest.c -lgcrypt -lz  >&5
conftest.c:63:6: warning: conflicting types for built-in function 'fork'; expected 'int(void)' [-Wbuiltin-declaration-mismatch]
   63 | char fork ();
      |      ^~~~
configure:6040: $? = 0
configure:6040: result: yes
configure:6040: checking for vfork
configure:6040: gcc -o conftest -g -O2   conftest.c -lgcrypt -lz  >&5
configure:6040: $? = 0
configure:6040: result: yes
configure:6050: checking for working fork
configure:6072: gcc -o conftest -g -O2   conftest.c -lgcrypt -lz  >&5
configure:6072: $? = 0
configure:6072: ./conftest
configure:6072: $? = 0
configure:6082: result: yes
configure:6103: checking for working vfork
configure:6213: result: yes
configure:6240: checking for stdlib.h
configure:6240: result: yes
configure:6250: checking for GNU libc compatible malloc
configure:6274: gcc -o conftest -g -O2   conftest.c -lgcrypt -lz  >&5
configure:6274: $? = 0
configure:6274: ./conftest
configure:6274: $? = 0
configure:6284: result: yes
configure:6308: checking for atexit
configure:6308: gcc -o conftest -g -O2   conftest.c -lgcrypt -lz  >&5
configure:6308: $? = 0
configure:6308: result: yes
configure:6308: checking for dup2
configure:6308: gcc -o conftest -g -O2   conftest.c -lgcrypt -lz  >&5
configure:6308: $? = 0
configure:6308: result: yes
configure:6308: checking for getcwd
configure:6308: gcc -o conftest -g -O2   conftest.c -lgcrypt -lz  >&5
configure:6308: $? = 0
configure:6308: result: yes
configure:6308: checking for gethostbyname
configure:6308: gcc -o conftest -g -O2   conftest.c -lgcrypt -lz  >&5
configure:6308: $? = 0
configure:6308: result: yes
configure:6308: checking for getpass
configure:6308: gcc -o conftest -g -O2   conftest.c -lgcrypt -lz  >&5
configure:6308: $? = 0
configure:6308: result: yes
configure:6308: checking for inet_ntoa
configure:6308: gcc -o conftest -g -O2   conftest.c -lgcrypt -lz  >&5
configure:6308: $? = 0
configure:6308: result: yes
configure:6308: checking for memset
configure:6308: gcc -o conftest -g -O2   conftest.c -lgcrypt -lz  >&5
conftest.c:75:6: warning: conflicting types for built-in function 'memset'; expected 'void *(void *, int,  long unsigned int)' [-Wbuiltin-declaration-mismatch]
   75 | char memset ();
      |      ^~~~~~
conftest.c:63:1: note: 'memset' is declared in header '<string.h>'
   62 | # include <limits.h>
   63 | #else
configure:6308: $? = 0
configure:6308: result: yes
configure:6308: checking for mkdir
configure:6308: gcc -o conftest -g -O2   conftest.c -lgcrypt -lz  >&5
configure:6308: $? = 0
configure:6308: result: yes
configure:6308: checking for setlocale
configure:6308: gcc -o conftest -g -O2   conftest.c -lgcrypt -lz  >&5
configure:6308: $? = 0
configure:6308: result: yes
configure:6308: checking for socket
configure:6308: gcc -o conftest -g -O2   conftest.c -lgcrypt -lz  >&5
configure:6308: $? = 0
configure:6308: result: yes
configure:6308: checking for strchr
configure:6308: gcc -o conftest -g -O2   conftest.c -lgcrypt -lz  >&5
conftest.c:79:6: warning: conflicting types for built-in function 'strchr'; expected 'char *(const char *, int)' [-Wbuiltin-declaration-mismatch]
   79 | char strchr ();
      |      ^~~~~~
conftest.c:67:1: note: 'strchr' is declared in header '<string.h>'
   66 | # include <limits.h>
   67 | #else
configure:6308: $? = 0
configure:6308: result: yes
configure:6308: checking for strdup
configure:6308: gcc -o conftest -g -O2   conftest.c -lgcrypt -lz  >&5
conftest.c:80:6: warning: conflicting types for built-in function 'strdup'; expected 'char *(const char *)' [-Wbuiltin-declaration-mismatch]
   80 | char strdup ();
      |      ^~~~~~
configure:6308: $? = 0
configure:6308: result: yes
configure:6308: checking for strerror
configure:6308: gcc -o conftest -g -O2   conftest.c -lgcrypt -lz  >&5
configure:6308: $? = 0
configure:6308: result: yes
configure:6308: checking for strpbrk
configure:6308: gcc -o conftest -g -O2   conftest.c -lgcrypt -lz  >&5
conftest.c:82:6: warning: conflicting types for built-in function 'strpbrk'; expected 'char *(const char *, const char *)' [-Wbuiltin-declaration-mismatch]
   82 | char strpbrk ();
      |      ^~~~~~~
conftest.c:70:1: note: 'strpbrk' is declared in header '<string.h>'
   69 | # include <limits.h>
   70 | #else
configure:6308: $? = 0
configure:6308: result: yes
configure:6308: checking for strrchr
configure:6308: gcc -o conftest -g -O2   conftest.c -lgcrypt -lz  >&5
conftest.c:83:6: warning: conflicting types for built-in function 'strrchr'; expected 'char *(const char *, int)' [-Wbuiltin-declaration-mismatch]
   83 | char strrchr ();
      |      ^~~~~~~
conftest.c:71:1: note: 'strrchr' is declared in header '<string.h>'
   70 | # include <limits.h>
   71 | #else
configure:6308: $? = 0
configure:6308: result: yes
configure:6308: checking for strstr
configure:6308: gcc -o conftest -g -O2   conftest.c -lgcrypt -lz  >&5
conftest.c:84:6: warning: conflicting types for built-in function 'strstr'; expected 'char *(const char *, const char *)' [-Wbuiltin-declaration-mismatch]
   84 | char strstr ();
      |      ^~~~~~
conftest.c:72:1: note: 'strstr' is declared in header '<string.h>'
   71 | # include <limits.h>
   72 | #else
configure:6308: $? = 0
configure:6308: result: yes
configure:6308: checking for strtol
configure:6308: gcc -o conftest -g -O2   conftest.c -lgcrypt -lz  >&5
configure:6308: $? = 0
configure:6308: result: yes
configure:6455: checking that generated files are newer than configure
configure:6461: result: done
configure:6496: creating ./config.status

## ---------------------- ##
## Running config.status. ##
## ---------------------- ##

This file was extended by diba config.status 1.0.0, which was
generated by GNU Autoconf 2.69.  Invocation command line was

  CONFIG_FILES    = 
  CONFIG_HEADERS  = 
  CONFIG_LINKS    = 
  CONFIG_COMMANDS = 
  $ ./config.status 

on ubunew

config.status:788: creating Makefile
config.status:788: creating transport/Makefile
config.status:788: creating keygen/Makefile
config.status:788: creating tools/Makefile
config.status:960: executing depfiles commands
config.status:1037: cd transport       && sed -e '/# am--include-marker/d' Makefile         | make -f - am--depfiles
make: Nothing to be done for 'am--depfiles'.
config.status:1042: $? = 0
config.status:1037: cd keygen       && sed -e '/# am--include-marker/d' Makefile         | make -f - am--depfiles
make: Nothing to be done for 'am--depfiles'.
config.status:1042: $? = 0
config.status:1037: cd tools       && sed -e '/# am--include-marker/d' Makefile         | make -f - am--depfiles
make: Nothing to be done for 'am--depfiles'.
config.status:1042: $? = 0

## ---------------- ##
## Cache variables. ##
## ---------------- ##

ac_cv_c_compiler_gnu=yes
ac_cv_c_uint32_t=yes
ac_cv_env_CC_set=
ac_cv_env_CC_value=
ac_cv_env_CFLAGS_set=
ac_cv_env_CFLAGS_value=
ac_cv_env_CPPFLAGS_set=
ac_cv_env_CPPFLAGS_value=
ac_cv_env_CPP_set=
ac_cv_env_CPP_value=
ac_cv_env_LDFLAGS_set=
ac_cv_env_LDFLAGS_value=
ac_cv_env_LIBS_set=
ac_cv_env_LIBS_value=
ac_cv_env_build_alias_set=
ac_cv_env_build_alias_value=
ac_cv_env_host_alias_set=
ac_cv_env_host_alias_value=
ac_cv_env_target_alias_set=
ac_cv_env_target_alias_value=
ac_cv_func_atexit=yes
ac_cv_func_dup2=yes
ac_cv_func_fork=yes
ac_cv_func_fork_works=yes
ac_cv_func_getcwd=yes
ac_cv_func_gethostbyname=yes
ac_cv_func_getpass=yes
ac_cv_func_inet_ntoa=yes
ac_cv_func_malloc_0_nonnull=yes
ac_cv_func_memset=yes
ac_cv_func_mkdir=yes
ac_cv_func_setlocale=yes
ac_cv_func_socket=yes
ac_cv_func_strchr=yes
ac_cv_func_strdup=yes
ac_cv_func_strerror=yes
ac_cv_func_strpbrk=yes
ac_cv_func_strrchr=yes
ac_cv_func_strstr=yes
ac_cv_func_strtol=yes
ac_cv_func_vfork=yes
ac_cv_func_vfork_works=yes
ac_cv_header_arpa_inet_h=yes
ac_cv_header_fcntl_h=yes
ac_cv_header_gcrypt_h=yes
ac_cv_header_inttypes_h=yes
ac_cv_header_limits_h=yes
ac_cv_header_locale_h=yes
ac_cv_header_memory_h=yes
ac_cv_header_netdb_h=yes
ac_cv_header_netinet_in_h=yes
ac_cv_header_stdc=yes
ac_cv_header_stddef_h=yes
ac_cv_header_stdint_h=yes
ac_cv_header_stdlib_h=yes
ac_cv_header_string_h=yes
ac_cv_header_strings_h=yes
ac_cv_header_sys_socket_h=yes
ac_cv_header_sys_stat_h=yes
ac_cv_header_sys_types_h=yes
ac_cv_header_termios_h=yes
ac_cv_header_unistd_h=yes
ac_cv_header_vfork_h=no
ac_cv_header_zlib_h=yes
ac_cv_lib_gcrypt_gcry_control=yes
ac_cv_lib_z_compress=yes
ac_cv_objext=o
ac_cv_path_EGREP='/usr/bin/grep -E'
ac_cv_path_GREP=/usr/bin/grep
ac_cv_path_install='/usr/bin/install -c'
ac_cv_path_mkdir=/usr/bin/mkdir
ac_cv_prog_AWK=gawk
ac_cv_prog_CPP='gcc -E'
ac_cv_prog_ac_ct_CC=gcc
ac_cv_prog_cc_c89=
ac_cv_prog_cc_g=yes
ac_cv_prog_make_make_set=yes
ac_cv_type_pid_t=yes
ac_cv_type_size_t=yes
am_cv_CC_dependencies_compiler_type=gcc3
am_cv_make_support_nested_variables=yes
am_cv_prog_cc_c_o=yes

## ----------------- ##
## Output variables. ##
## ----------------- ##

ACLOCAL='${SHELL} '\''/home/peterglen/pgsrc/digibank/diba/missing'\'' aclocal-1.16'
AMDEPBACKSLASH='\'
AMDEP_FALSE='#'
AMDEP_TRUE=''
AMTAR='$${TAR-tar}'
AM_BACKSLASH='\'
AM_DEFAULT_V='$(AM_DEFAULT_VERBOSITY)'
AM_DEFAULT_VERBOSITY='1'
AM_V='$(V)'
AUTOCONF='${SHELL} '\''/home/peterglen/pgsrc/digibank/diba/missing'\'' autoconf'
AUTOHEADER='${SHELL} '\''/home/peterglen/pgsrc/digibank/diba/missing'\'' autoheader'
AUTOMAKE='${SHELL} '\''/home/peterglen/pgsrc/digibank/diba/missing'\'' automake-1.16'
AWK='gawk'
CC='gcc'
CCDEPMODE='depmode=gcc3'
CFLAGS='-g -O2'
CPP='gcc -E'
CPPFLAGS=''
CSCOPE='cscope'
CTAGS='ctags'
CYGPATH_W='echo'
DEFS='-DPACKAGE_NAME=\"diba\" -DPACKAGE_TARNAME=\"diba\" -DPACKAGE_VERSION=\"1.0.0\" -DPACKAGE_STRING=\"diba\ 1.0.0\" -DPACKAGE_BUGREPORT=\"no-reports-yet\" -DPACKAGE_URL=\"\" -DPACKAGE=\"diba\" -DVERSION=\"1.0.0\" -DPACKAGE=\"diba\" -DVERSION=\"1.0.0\" -DHAVE_LIBZ=1 -DHAVE_LIBGCRYPT=1 -DSTDC_HEADERS=1 -DHAVE_SYS_TYPES_H=1 -DHAVE_SYS_STAT_H=1 -DHAVE_STDLIB_H=1 -DHAVE_STRING_H=1 -DHAVE_MEMORY_H=1 -DHAVE_STRINGS_H=1 -DHAVE_INTTYPES_H=1 -DHAVE_STDINT_H=1 -DHAVE_UNISTD_H=1 -DHAVE_GCRYPT_H=1 -DHAVE_ZLIB_H=1 -DHAVE_ARPA_INET_H=1 -DHAVE_FCNTL_H=1 -DHAVE_LIMITS_H=1 -DHAVE_LOCALE_H=1 -DHAVE_NETDB_H=1 -DHAVE_NETINET_IN_H=1 -DHAVE_STDDEF_H=1 -DHAVE_STDINT_H=1 -DHAVE_STDLIB_H=1 -DHAVE_STRING_H=1 -DHAVE_SYS_SOCKET_H=1 -DHAVE_TERMIOS_H=1 -DHAVE_UNISTD_H=1 -DHAVE_FORK=1 -DHAVE_VFORK=1 -DHAVE_WORKING_VFORK=1 -DHAVE_WORKING_FORK=1 -DHAVE_STDLIB_H=1 -DHAVE_MALLOC=1 -DHAVE_ATEXIT=1 -DHAVE_DUP2=1 -DHAVE_GETCWD=1 -DHAVE_GETHOSTBYNAME=1 -DHAVE_GETPASS=1 -DHAVE_INET_NTOA=1 -DHAVE_MEMSET=1 -DHAVE_MKDIR=1 -DHAVE_SETLOCALE=1 -DHAVE_SOCKET=1 -DHAVE_STRCHR=1 -DHAVE_STRDUP=1 -DHAVE_STRERROR=1 -DHAVE_STRPBRK=1 -DHAVE_STRRCHR=1 -DHAVE_STRSTR=1 -DHAVE_STRTOL=1'
DEPDIR='.deps'
ECHO_C=''
ECHO_N='-n'
ECHO_T=''
EGREP='/usr/bin/grep -E'
ETAGS='etags'
EXEEXT=''
GREP='/usr/bin/grep'
INSTALL_DATA='${INSTALL} -m 644'
INSTALL_PROGRAM='${INSTALL}'
INSTALL_SCRIPT='${INSTALL}'
INSTALL_STRIP_PROGRAM='$(install_sh) -c -s'
LDFLAGS=''
LIBOBJS=''
LIBS='-lgcrypt -lz '
LTLIBOBJS=''
MAKEINFO='${SHELL} '\''/home/peterglen/pgsrc/digibank/diba/missing'\'' makeinfo'
MKDIR_P='/usr/bin/mkdir -p'
OBJEXT='o'
PACKAGE='diba'
PACKAGE_BUGREPORT='no-reports-yet'
PACKAGE_NAME='diba'
PACKAGE_STRING='diba 1.0.0'
PACKAGE_TARNAME='diba'
PACKAGE_URL=''
PACKAGE_VERSION='1.0.0'
PATH_SEPARATOR=':'
SET_MAKE=''
SHELL='/bin/bash'
STRIP=''
VERSION='1.0.0'
ac_ct_CC='gcc'
am__EXEEXT_FALSE=''
am__EXEEXT_TRUE='#'
am__fastdepCC_FALSE='#'
am__fastdepCC_TRUE=''
am__include='include'
am__isrc=''
am__leading_dot='.'
am__nodep='_no'
am__quote=''
am__tar='$${TAR-tar} chof - "$$tardir"'
am__untar='$${TAR-tar} xf -'
bindir='${exec_prefix}/bin'
build_alias=''
datadir='${datarootdir}'
datarootdir='${prefix}/share'
docdir='${datarootdir}/doc/${PACKAGE_TARNAME}'
dvidir='${docdir}'
exec_prefix='${prefix}'
host_alias=''
htmldir='${docdir}'
includedir='${prefix}/include'
infodir='${datarootdir}/info'
install_sh='${SHELL} /home/peterglen/pgsrc/digibank/diba/install-sh'
libdir='${exec_prefix}/lib'
libexecdir='${exec_prefix}/libexec'
localedir='${datarootdir}/locale'
localstatedir='${prefix}/var'
mandir='${datarootdir}/man'
mkdir_p='$(MKDIR_P)'
oldincludedir='/usr/include'
pdfdir='${docdir}'
prefix='/usr/local'
program_transform_name='s,x,x,'
psdir='${docdir}'
runstatedir='${localstatedir}/run'
sbindir='${exec_prefix}/sbin'
sharedstatedir='${prefix}/com'
sysconfdir='${prefix}/etc'
target_alias=''

## ----------- ##
## confdefs.h. ##
## ----------- ##

/* confdefs.h */
#define PACKAGE_NAME "diba"
#define PACKAGE_TARNAME "diba"
#define PACKAGE_VERSION "1.0.0"
#define PACKAGE_STRING "diba 1.0.0"
#define PACKAGE_BUGREPORT "no-reports-yet"
#define PACKAGE_URL ""
#define PACKAGE "diba"
#define VERSION "1.0.0"
#define PACKAGE "diba"
#define VERSION "1.0.0"
#define HAVE_LIBZ 1
#define HAVE_LIBGCRYPT 1
#define STDC_HEADERS 1
#define HAVE_SYS_TYPES_H 1
#define HAVE_SYS_STAT_H 1
#define HAVE_STDLIB_H 1
#define HAVE_STRING_H 1
#define HAVE_MEMORY_H 1
#define HAVE_STRINGS_H 1
#define HAVE_INTTYPES_H 1
#define HAVE_STDINT_H 1
#define HAVE_UNISTD_H 1
#define HAVE_GCRYPT_H 1
#define HAVE_ZLIB_H 1
#define HAVE_ARPA_INET_H 1
#define HAVE_FCNTL_H 1
#define HAVE_LIMITS_H 1
#define HAVE_LOCALE_H 1
#define HAVE_NETDB_H 1
#define HAVE_NETINET_IN_H 1
#define HAVE_STDDEF_H 1
#define HAVE_STDINT_H 1
#define HAVE_STDLIB_H 1
#define HAVE_STRING_H 1
#define HAVE_SYS_SOCKET_H 1
#define HAVE_TERMIOS_H 1
#define HAVE_UNISTD_H 1
#define HAVE_FORK 1
#define HAVE_VFORK 1
#define HAVE_WORKING_VFORK 1
#define HAVE_WORKING_FORK 1
#define HAVE_STDLIB_H 1
#define HAVE_MALLOC 1
#define HAVE_ATEXIT 1
#define HAVE_DUP2 1
#define HAVE_GETCWD 1
#define HAVE_GETHOSTBYNAME 1
#define HAVE_GETPASS 1
#define HAVE_INET_NTOA 1
#define HAVE_MEMSET 1
#define HAVE_MKDIR 1
#define HAVE_SETLOCALE 1
#define HAVE_SOCKET 1
#define HAVE_STRCHR 1
#define HAVE_STRDUP 1
#define HAVE_STRERROR 1
#define HAVE_STRPBRK 1
#define HAVE_STRRCHR 1
#define HAVE_STRSTR 1
#define HAVE_STRTOL 1

configure: exit 0

## ---------------------- ##
## Running config.status. ##
## ---------------------- ##

This file was extended by diba config.status 1.0.0, which was
generated by GNU Autoconf 2.69.  Invocation command line was

  CONFIG_FILES    = 
  CONFIG_HEADERS  = 
  CONFIG_LINKS    = 
  CONFIG_COMMANDS = 
  $ ./config.status tools/Makefile depfiles

on ubunew

config.status:788: creating tools/Makefile
config.status:960: executing depfiles commands
config.status:1037: cd tools       && sed -e '/# am--include-marker/d' Makefile         | make -f - am--depfiles
make[2]: Entering directory '/home/peterglen/pgsrc/digibank/diba/tools'
make[2]: Nothing to be done for 'am--depfiles'.
make[2]: Leaving directory '/home/peterglen/pgsrc/digibank/diba/tools'
config.status:1042: $? = 0
